<?xml version="1.0" encoding="UTF-8"?>
<!-- Generated by org.testng.reporters.JUnitReportReporter -->
<testsuite hostname="ShaharbanuPC" failures="0" tests="1" name="testscript.ManageProductTest" time="9.920" errors="0" timestamp="2024-11-22T15:53:42 GST" skipped="0">
  <testcase classname="testscript.ManageProductTest" name="ToCheckUserIsAbleToCreateNewProductWithMandatoryFiledsEmpty" time="9.920"/>
</testsuite> <!-- testscript.ManageProductTest -->
