<?xml version="1.0" encoding="UTF-8"?>
<!-- Generated by org.testng.reporters.JUnitReportReporter -->
<testsuite hostname="ShaharbanuPC" failures="0" tests="4" name="testscript.LogInTest" time="82.502" errors="0" timestamp="2024-12-11T16:06:53 GST" skipped="0">
  <testcase classname="testscript.LogInTest" name="VerifyTheUserIsNotAbleToLogInUsingInValidPassword" time="4.389"/>
  <testcase classname="testscript.LogInTest" name="VerifyTheUserIsNotAbleToLogInUsingInValidUserName" time="5.539"/>
  <testcase classname="testscript.LogInTest" name="VerifyTheUserIsAbleToLogInUsingValidCredentials" time="48.840"/>
  <testcase classname="testscript.LogInTest" name="VerifyTheUserIsNotAbleToLogInUsingInValidCredentials" time="23.734"/>
</testsuite> <!-- testscript.LogInTest -->
