<?xml version="1.0" encoding="UTF-8"?>
<!-- Generated by org.testng.reporters.JUnitReportReporter -->
<testsuite hostname="ShaharbanuPC" failures="0" tests="1" name="testscript.LogInTest" time="48.902" errors="0" timestamp="2024-11-29T09:42:33 GST" skipped="0">
  <testcase classname="testscript.LogInTest" name="VerifyTheUserIsNotAbleToLogInUsingInValidUserName" time="48.902"/>
</testsuite> <!-- testscript.LogInTest -->
