<?xml version="1.0" encoding="UTF-8"?>
<!-- Generated by org.testng.reporters.JUnitReportReporter -->
<testsuite hostname="ShaharbanuPC" failures="0" tests="1" name="testscript.SubCategoryTest" time="7.333" errors="0" timestamp="2024-12-09T08:04:39 GST" skipped="0">
  <testcase classname="testscript.SubCategoryTest" name="VerifyTheUserIsAbleToChangeStatusOfSubCategory" time="7.333"/>
</testsuite> <!-- testscript.SubCategoryTest -->
