<?xml version="1.0" encoding="UTF-8"?>
<!-- Generated by org.testng.reporters.JUnitReportReporter -->
<testsuite hostname="ShaharbanuPC" failures="0" tests="1" name="testscript.ManageProductTest" time="16.885" errors="0" timestamp="2024-11-28T16:01:49 GST" skipped="0">
  <testcase classname="testscript.ManageProductTest" name="ToVerifyThedProductDescriptionfiled" time="16.885"/>
</testsuite> <!-- testscript.ManageProductTest -->
