<?xml version="1.0" encoding="UTF-8"?>
<!-- Generated by org.testng.reporters.JUnitReportReporter -->
<testsuite hostname="ShaharbanuPC" failures="0" tests="1" name="testscript.ManageProductTest" time="59.708" errors="0" timestamp="2024-12-08T14:41:46 GST" skipped="0">
  <testcase classname="testscript.ManageProductTest" name="ToCheckUserIsAbleToCreateNewProductWithMandatoryFiledsEmpty" time="59.708"/>
</testsuite> <!-- testscript.ManageProductTest -->
