<?xml version="1.0" encoding="UTF-8"?>
<!-- Generated by org.testng.reporters.JUnitReportReporter -->
<testsuite hostname="ShaharbanuPC" failures="0" tests="2" name="testscript.LogInTest" time="48.530" errors="0" timestamp="2024-11-25T10:40:08 GST" skipped="0">
  <testcase classname="testscript.LogInTest" name="VerifyTheUserIsAbleToLogInUsingValidCredentials" time="43.763"/>
  <testcase classname="testscript.LogInTest" name="VerifyTheUserIsNotAbleToLogInUsingInValidPassword" time="4.767"/>
</testsuite> <!-- testscript.LogInTest -->
