<?xml version="1.0" encoding="UTF-8"?>
<!-- Generated by org.testng.reporters.JUnitReportReporter -->
<testsuite hostname="ShaharbanuPC" failures="0" tests="1" name="testscript.HomeTest" time="9.084" errors="0" timestamp="2024-12-11T16:24:02 GST" skipped="0">
  <testcase classname="testscript.HomeTest" name="VerifyTheUserIsAbleToLogOutSuccessfully" time="9.084"/>
</testsuite> <!-- testscript.HomeTest -->
