<?xml version="1.0" encoding="UTF-8"?>
<!-- Generated by org.testng.reporters.JUnitReportReporter -->
<testsuite hostname="ShaharbanuPC" failures="0" tests="1" name="testscript.AdminUsersTest" time="9.638" errors="0" timestamp="2024-11-18T05:53:48 GST" skipped="0">
  <testcase classname="testscript.AdminUsersTest" name="VerifyTheAdminIsAbleToUpdateAdminUsersUserNameField" time="9.638"/>
</testsuite> <!-- testscript.AdminUsersTest -->
