<?xml version="1.0" encoding="UTF-8"?>
<!-- Generated by org.testng.reporters.JUnitReportReporter -->
<testsuite hostname="ShaharbanuPC" failures="0" tests="1" name="testscript.AdminUsersTest" time="70.969" errors="0" timestamp="2024-12-06T13:49:47 GST" skipped="0">
  <testcase classname="testscript.AdminUsersTest" name="VerifyTheAdminIsAbleToUpdateAdminUsersUserNameField" time="70.969"/>
</testsuite> <!-- testscript.AdminUsersTest -->
