<?xml version="1.0" encoding="UTF-8"?>
<!-- Generated by org.testng.reporters.JUnitReportReporter -->
<testsuite hostname="ShaharbanuPC" failures="0" tests="1" name="testscript.ManageNewsTest" time="47.027" errors="0" timestamp="2024-11-25T00:03:07 GST" skipped="0">
  <testcase classname="testscript.ManageNewsTest" name="VerifyTheUserIsAbleToDeleteNews" time="47.027"/>
</testsuite> <!-- testscript.ManageNewsTest -->
