<?xml version="1.0" encoding="UTF-8"?>
<!-- Generated by org.testng.reporters.JUnitReportReporter -->
<testsuite hostname="ShaharbanuPC" failures="0" tests="1" name="testscript.ManageProductTest" time="52.718" errors="0" timestamp="2024-12-11T22:31:30 GST" skipped="0">
  <testcase classname="testscript.ManageProductTest" name="ToCheckUserIsAbleToCreateNewProductWithMandatoryFiledsEmpty" time="52.718"/>
</testsuite> <!-- testscript.ManageProductTest -->
