<?xml version="1.0" encoding="UTF-8"?>
<!-- Generated by org.testng.reporters.JUnitReportReporter -->
<testsuite hostname="ShaharbanuPC" failures="0" tests="1" name="testscript.ManageNewsTest" time="9.726" errors="0" timestamp="2024-12-08T15:04:09 GST" skipped="0">
  <testcase classname="testscript.ManageNewsTest" name="VerifyTheUserIsAbleToDeleteNews" time="9.726"/>
</testsuite> <!-- testscript.ManageNewsTest -->
