<?xml version="1.0" encoding="UTF-8"?>
<!-- Generated by org.testng.reporters.JUnitReportReporter -->
<testsuite hostname="ShaharbanuPC" failures="0" tests="1" name="testscript.HomeTest" time="6.901" errors="0" timestamp="2024-12-05T17:34:40 GST" skipped="0">
  <testcase classname="testscript.HomeTest" name="VerifyTheUserIsAbleToLogOutSuccessfully" time="6.901"/>
</testsuite> <!-- testscript.HomeTest -->
